2025-02-28 21:15:06,860 - INFO - Application started
2025-02-28 21:15:10,457 - INFO - User 1822927421 started the bot.
2025-02-28 21:15:10,458 - INFO - User 1822927421 is authorized to use the bot.
2025-02-28 21:15:39,804 - INFO - User 1822927421 started the bot.
2025-02-28 21:15:39,806 - INFO - User 1822927421 is authorized to use the bot.
2025-02-28 21:15:43,263 - INFO - User 1822927421 started the bot.
2025-02-28 21:15:43,263 - INFO - User 1822927421 is authorized to use the bot.
2025-02-28 21:18:23,869 - INFO - Application is stopping. This might take a moment.
2025-02-28 21:18:23,871 - INFO - Application.stop() complete
2025-02-28 21:19:25,850 - INFO - Application started
2025-02-28 21:19:32,466 - INFO - User 1822927421 started the bot.
2025-02-28 21:19:32,468 - INFO - User 1822927421 is authorized to use the bot.
2025-02-28 21:22:51,126 - INFO - Application is stopping. This might take a moment.
2025-02-28 21:22:51,127 - INFO - Application.stop() complete
{"timestamp": "2025-02-28T21:28:02+0800", "severity": "INFO", "message": "Application started", "user_id": null, "order_id": null, "module": "_application"}
{"timestamp": "2025-02-28T21:28:21+0800", "severity": "ERROR", "message": "No error handlers are registered, logging exception.", "user_id": null, "order_id": null, "module": "_application", "exc_info": "Traceback (most recent call last):\n  File \"C:\\Users\\User\\AppData\\Local\\Programs\\Python\\Python313\\Lib\\site-packages\\telegram\\ext\\_application.py\", line 1063, in process_update\n    await coroutine\n  File \"C:\\Users\\User\\AppData\\Local\\Programs\\Python\\Python313\\Lib\\site-packages\\telegram\\ext\\_conversationhandler.py\", line 824, in handle_update\n    new_state: object = await handler.handle_update(\n                        ^^^^^^^^^^^^^^^^^^^^^^^^^^^^\n        update, application, handler_check_result, context\n        ^^^^^^^^^^^^^^^^^^^^^^^^^^^^^^^^^^^^^^^^^^^^^^^^^^\n    )\n    ^\n  File \"C:\\Users\\User\\AppData\\Local\\Programs\\Python\\Python313\\Lib\\site-packages\\telegram\\ext\\_handler.py\", line 141, in handle_update\n    return await self.callback(update, context)\n           ^^^^^^^^^^^^^^^^^^^^^^^^^^^^^^^^^^^^\n  File \"c:\\Users\\User\\OneDrive\\Desktop\\makanApaRepo\\makanApa\\bot.py\", line 107, in start\n    log_activity(user.id, \"User started bot\", extra_data={'username': user.username})\n    ~~~~~~~~~~~~^^^^^^^^^^^^^^^^^^^^^^^^^^^^^^^^^^^^^^^^^^^^^^^^^^^^^^^^^^^^^^^^^^^^^\nTypeError: log_activity() got an unexpected keyword argument 'extra_data'"}
{"timestamp": "2025-02-28T21:28:28+0800", "severity": "ERROR", "message": "No error handlers are registered, logging exception.", "user_id": null, "order_id": null, "module": "_application", "exc_info": "Traceback (most recent call last):\n  File \"C:\\Users\\User\\AppData\\Local\\Programs\\Python\\Python313\\Lib\\site-packages\\telegram\\ext\\_application.py\", line 1063, in process_update\n    await coroutine\n  File \"C:\\Users\\User\\AppData\\Local\\Programs\\Python\\Python313\\Lib\\site-packages\\telegram\\ext\\_conversationhandler.py\", line 824, in handle_update\n    new_state: object = await handler.handle_update(\n                        ^^^^^^^^^^^^^^^^^^^^^^^^^^^^\n        update, application, handler_check_result, context\n        ^^^^^^^^^^^^^^^^^^^^^^^^^^^^^^^^^^^^^^^^^^^^^^^^^^\n    )\n    ^\n  File \"C:\\Users\\User\\AppData\\Local\\Programs\\Python\\Python313\\Lib\\site-packages\\telegram\\ext\\_handler.py\", line 141, in handle_update\n    return await self.callback(update, context)\n           ^^^^^^^^^^^^^^^^^^^^^^^^^^^^^^^^^^^^\n  File \"c:\\Users\\User\\OneDrive\\Desktop\\makanApaRepo\\makanApa\\bot.py\", line 107, in start\n    log_activity(user.id, \"User started bot\", extra_data={'username': user.username})\n    ~~~~~~~~~~~~^^^^^^^^^^^^^^^^^^^^^^^^^^^^^^^^^^^^^^^^^^^^^^^^^^^^^^^^^^^^^^^^^^^^^\nTypeError: log_activity() got an unexpected keyword argument 'extra_data'"}
{"timestamp": "2025-02-28T21:29:24+0800", "severity": "INFO", "message": "Application is stopping. This might take a moment.", "user_id": null, "order_id": null, "module": "_application"}
{"timestamp": "2025-02-28T21:29:24+0800", "severity": "INFO", "message": "Application.stop() complete", "user_id": null, "order_id": null, "module": "_application"}
2025-02-28 21:29:28,537 - INFO - Application started
2025-02-28 21:29:31,463 - INFO - User 1822927421 started the bot.
2025-02-28 21:29:31,465 - INFO - User 1822927421 is authorized to use the bot.
